<?xml version="1.0" encoding="UTF-8"?>
<testng-results ignored="0" total="1" passed="1" failed="0" skipped="0">
  <reporter-output>
    <line>
      <![CDATA[Epic sadface: Username and password do not match any user in this service]]>
    </line>
  </reporter-output>
  <suite started-at="2023-07-10T12:29:02 IST" name="Default suite" finished-at="2023-07-10T12:29:11 IST" duration-ms="8440">
    <groups>
    </groups>
    <test started-at="2023-07-10T12:29:02 IST" name="Default test" finished-at="2023-07-10T12:29:11 IST" duration-ms="8440">
      <class name="Test.Test_class">
        <test-method is-config="true" signature="openingbrowser()[pri:0, instance:Test.Test_class@3d51f06e]" started-at="2023-07-10T12:29:02 IST" name="openingbrowser" finished-at="2023-07-10T12:29:06 IST" duration-ms="3169" status="PASS">
          <reporter-output>
          </reporter-output>
        </test-method> <!-- openingbrowser -->
        <test-method signature="assertion()[pri:0, instance:Test.Test_class@3d51f06e]" started-at="2023-07-10T12:29:06 IST" name="assertion" finished-at="2023-07-10T12:29:11 IST" duration-ms="5103" status="PASS">
          <reporter-output>
            <line>
              <![CDATA[Epic sadface: Username and password do not match any user in this service]]>
            </line>
          </reporter-output>
        </test-method> <!-- assertion -->
        <test-method is-config="true" signature="closingbrowser()[pri:0, instance:Test.Test_class@3d51f06e]" started-at="2023-07-10T12:29:11 IST" name="closingbrowser" finished-at="2023-07-10T12:29:11 IST" duration-ms="136" status="PASS">
          <reporter-output>
          </reporter-output>
        </test-method> <!-- closingbrowser -->
      </class> <!-- Test.Test_class -->
    </test> <!-- Default test -->
  </suite> <!-- Default suite -->
</testng-results>
